<?xml version="1.0" encoding="UTF-8"?>
<!-- Generated by org.testng.reporters.JUnitReportReporter -->
<testsuite hostname="DESKTOP-0BV205A" failures="0" tests="1" name="testcases.Indeed" time="5.680" errors="0" timestamp="2021-06-25T18:38:07 GST" skipped="0">
  <testcase classname="testcases.Indeed" name="indeedTestcase" time="5.680"/>
</testsuite> <!-- testcases.Indeed -->
